# JRE version: Java(TM) SE Runtime Environment (8.0_73-b02) (build 1.8.0_73-b02)
# Java VM: Java HotSpot(TM) 64-Bit Server VM (25.73-b02 mixed mode bsd-amd64 compressed oops)
Heap:
 PSYoungGen      total 309760K, used 59790K [0x0000000140d00000, 0x0000000156200000, 0x0000000156200000)
  eden space 268800K, 16% used [0x0000000140d00000,0x00000001439015f8,0x0000000151380000)
  from space 40960K, 35% used [0x0000000153a00000,0x00000001548622e0,0x0000000156200000)
  to   space 39424K, 0% used [0x0000000151380000,0x0000000151380000,0x0000000153a00000)
 ParOldGen       total 699392K, used 134587K [0x0000000116200000, 0x0000000140d00000, 0x0000000140d00000)
  object space 699392K, 19% used [0x0000000116200000,0x000000011e56ec58,0x0000000140d00000)
 Metaspace       used 239287K, capacity 240900K, committed 262144K, reserved 1267712K
  class space    used 36688K, capacity 37202K, committed 43904K, reserved 1048576K
GC Heap History (10 events):
Event: 21345,664 GC heap before
{Heap before GC invocations=158 (full 13):
 PSYoungGen      total 304128K, used 280910K [0x0000000140d00000, 0x0000000156200000, 0x0000000156200000)
  eden space 257536K, 100% used [0x0000000140d00000,0x0000000150880000,0x0000000150880000)
  from space 46592K, 50% used [0x0000000153480000,0x0000000154b53ad8,0x0000000156200000)
  to   space 45056K, 0% used [0x0000000150880000,0x0000000150880000,0x0000000153480000)
 ParOldGen       total 699392K, used 144021K [0x0000000116200000, 0x0000000140d00000, 0x0000000140d00000)
  object space 699392K, 20% used [0x0000000116200000,0x000000011eea55d8,0x0000000140d00000)
 Metaspace       used 235292K, capacity 237209K, committed 262144K, reserved 1267712K
  class space    used 37054K, capacity 37574K, committed 43904K, reserved 1048576K
Event: 21345,694 GC heap after
Heap after GC invocations=158 (full 13):
 PSYoungGen      total 302592K, used 21223K [0x0000000140d00000, 0x0000000156200000, 0x0000000156200000)
  eden space 257536K, 0% used [0x0000000140d00000,0x0000000140d00000,0x0000000150880000)
  from space 45056K, 47% used [0x0000000150880000,0x0000000151d39e48,0x0000000153480000)
  to   space 43008K, 0% used [0x0000000153800000,0x0000000153800000,0x0000000156200000)
 ParOldGen       total 699392K, used 145280K [0x0000000116200000, 0x0000000140d00000, 0x0000000140d00000)
  object space 699392K, 20% used [0x0000000116200000,0x000000011efe0398,0x0000000140d00000)
 Metaspace       used 235292K, capacity 237209K, committed 262144K, reserved 1267712K
  class space    used 37054K, capacity 37574K, committed 43904K, reserved 1048576K
}
Event: 21349,316 GC heap before
{Heap before GC invocations=159 (full 13):
 PSYoungGen      total 302592K, used 278759K [0x0000000140d00000, 0x0000000156200000, 0x0000000156200000)
  eden space 257536K, 100% used [0x0000000140d00000,0x0000000150880000,0x0000000150880000)
  from space 45056K, 47% used [0x0000000150880000,0x0000000151d39e48,0x0000000153480000)
  to   space 43008K, 0% used [0x0000000153800000,0x0000000153800000,0x0000000156200000)
 ParOldGen       total 699392K, used 145280K [0x0000000116200000, 0x0000000140d00000, 0x0000000140d00000)
  object space 699392K, 20% used [0x0000000116200000,0x000000011efe0398,0x0000000140d00000)
 Metaspace       used 246481K, capacity 248493K, committed 262144K, reserved 1267712K
  class space    used 38856K, capacity 39388K, committed 43904K, reserved 1048576K
Event: 21349,347 GC heap after
Heap after GC invocations=159 (full 13):
 PSYoungGen      total 308224K, used 18106K [0x0000000140d00000, 0x0000000156200000, 0x0000000156200000)
  eden space 265216K, 0% used [0x0000000140d00000,0x0000000140d00000,0x0000000151000000)
  from space 43008K, 42% used [0x0000000153800000,0x00000001549aeb20,0x0000000156200000)
  to   space 40960K, 0% used [0x0000000151000000,0x0000000151000000,0x0000000153800000)
 ParOldGen       total 699392K, used 152289K [0x0000000116200000, 0x0000000140d00000, 0x0000000140d00000)
  object space 699392K, 21% used [0x0000000116200000,0x000000011f6b87b8,0x0000000140d00000)
 Metaspace       used 246481K, capacity 248493K, committed 262144K, reserved 1267712K
  class space    used 38856K, capacity 39388K, committed 43904K, reserved 1048576K
}
Event: 21350,631 GC heap before
{Heap before GC invocations=160 (full 13):
 PSYoungGen      total 308224K, used 114188K [0x0000000140d00000, 0x0000000156200000, 0x0000000156200000)
  eden space 265216K, 36% used [0x0000000140d00000,0x0000000146ad4510,0x0000000151000000)
  from space 43008K, 42% used [0x0000000153800000,0x00000001549aeb20,0x0000000156200000)
  to   space 40960K, 0% used [0x0000000151000000,0x0000000151000000,0x0000000153800000)
 ParOldGen       total 699392K, used 152289K [0x0000000116200000, 0x0000000140d00000, 0x0000000140d00000)
  object space 699392K, 21% used [0x0000000116200000,0x000000011f6b87b8,0x0000000140d00000)
 Metaspace       used 256233K, capacity 258303K, committed 262144K, reserved 1267712K
  class space    used 39932K, capacity 40495K, committed 43904K, reserved 1048576K
Event: 21350,641 GC heap after
Heap after GC invocations=160 (full 13):
 PSYoungGen      total 306176K, used 9563K [0x0000000140d00000, 0x0000000156200000, 0x0000000156200000)
  eden space 265216K, 0% used [0x0000000140d00000,0x0000000140d00000,0x0000000151000000)
  from space 40960K, 23% used [0x0000000151000000,0x0000000151956f38,0x0000000153800000)
  to   space 40960K, 0% used [0x0000000153a00000,0x0000000153a00000,0x0000000156200000)
 ParOldGen       total 699392K, used 154448K [0x0000000116200000, 0x0000000140d00000, 0x0000000140d00000)
  object space 699392K, 22% used [0x0000000116200000,0x000000011f8d41b8,0x0000000140d00000)
 Metaspace       used 256233K, capacity 258303K, committed 262144K, reserved 1267712K
  class space    used 39932K, capacity 40495K, committed 43904K, reserved 1048576K
}
Event: 21350,641 GC heap before
{Heap before GC invocations=161 (full 14):
 PSYoungGen      total 306176K, used 9563K [0x0000000140d00000, 0x0000000156200000, 0x0000000156200000)
  eden space 265216K, 0% used [0x0000000140d00000,0x0000000140d00000,0x0000000151000000)
  from space 40960K, 23% used [0x0000000151000000,0x0000000151956f38,0x0000000153800000)
  to   space 40960K, 0% used [0x0000000153a00000,0x0000000153a00000,0x0000000156200000)
 ParOldGen       total 699392K, used 154448K [0x0000000116200000, 0x0000000140d00000, 0x0000000140d00000)
  object space 699392K, 22% used [0x0000000116200000,0x000000011f8d41b8,0x0000000140d00000)
 Metaspace       used 256233K, capacity 258303K, committed 262144K, reserved 1267712K
  class space    used 39932K, capacity 40495K, committed 43904K, reserved 1048576K
Event: 21351,347 GC heap after
Heap after GC invocations=161 (full 14):
 PSYoungGen      total 306176K, used 0K [0x0000000140d00000, 0x0000000156200000, 0x0000000156200000)
  eden space 265216K, 0% used [0x0000000140d00000,0x0000000140d00000,0x0000000151000000)
  from space 40960K, 0% used [0x0000000151000000,0x0000000151000000,0x0000000153800000)
  to   space 40960K, 0% used [0x0000000153a00000,0x0000000153a00000,0x0000000156200000)
 ParOldGen       total 699392K, used 134579K [0x0000000116200000, 0x0000000140d00000, 0x0000000140d00000)
  object space 699392K, 19% used [0x0000000116200000,0x000000011e56cc58,0x0000000140d00000)
 Metaspace       used 228659K, capacity 230170K, committed 262144K, reserved 1267712K
  class space    used 35210K, capacity 35716K, committed 43904K, reserved 1048576K
}
Event: 26572,289 GC heap before
{Heap before GC invocations=162 (full 14):
 PSYoungGen      total 306176K, used 265216K [0x0000000140d00000, 0x0000000156200000, 0x0000000156200000)
  eden space 265216K, 100% used [0x0000000140d00000,0x0000000151000000,0x0000000151000000)
  from space 40960K, 0% used [0x0000000151000000,0x0000000151000000,0x0000000153800000)
  to   space 40960K, 0% used [0x0000000153a00000,0x0000000153a00000,0x0000000156200000)
 ParOldGen       total 699392K, used 134579K [0x0000000116200000, 0x0000000140d00000, 0x0000000140d00000)
  object space 699392K, 19% used [0x0000000116200000,0x000000011e56cc58,0x0000000140d00000)
 Metaspace       used 237928K, capacity 239544K, committed 262144K, reserved 1267712K
  class space    used 36491K, capacity 37008K, committed 43904K, reserved 1048576K
Event: 26572,405 GC heap after
Heap after GC invocations=162 (full 14):
 PSYoungGen      total 309760K, used 14728K [0x0000000140d00000, 0x0000000156200000, 0x0000000156200000)
  eden space 268800K, 0% used [0x0000000140d00000,0x0000000140d00000,0x0000000151380000)
  from space 40960K, 35% used [0x0000000153a00000,0x00000001548622e0,0x0000000156200000)
  to   space 39424K, 0% used [0x0000000151380000,0x0000000151380000,0x0000000153a00000)
 ParOldGen       total 699392K, used 134587K [0x0000000116200000, 0x0000000140d00000, 0x0000000140d00000)
  object space 699392K, 19% used [0x0000000116200000,0x000000011e56ec58,0x0000000140d00000)
 Metaspace       used 237928K, capacity 239544K, committed 262144K, reserved 1267712K
  class space    used 36491K, capacity 37008K, committed 43904K, reserved 1048576K
}

